<?xml version="1.0" encoding="UTF-8"?>
<testng-results ignored="0" total="1" passed="1" failed="0" skipped="0">
  <reporter-output>
  </reporter-output>
  <suite started-at="2023-04-21T14:07:16 IST" name="Default suite" finished-at="2023-04-21T14:07:16 IST" duration-ms="65">
    <groups>
    </groups>
    <test started-at="2023-04-21T14:07:16 IST" name="Default test" finished-at="2023-04-21T14:07:16 IST" duration-ms="65">
      <class name="constructors.ps1">
        <test-method is-config="true" signature="beforemethod()[pri:0, instance:constructors.ps1@52b1beb6]" started-at="2023-04-21T14:07:16 IST" name="beforemethod" finished-at="2023-04-21T14:07:16 IST" duration-ms="10" status="PASS">
          <reporter-output>
          </reporter-output>
        </test-method> <!-- beforemethod -->
        <test-method signature="childmethod()[pri:0, instance:constructors.ps1@52b1beb6]" started-at="2023-04-21T14:07:16 IST" name="childmethod" finished-at="2023-04-21T14:07:16 IST" duration-ms="9" status="PASS">
          <reporter-output>
          </reporter-output>
        </test-method> <!-- childmethod -->
        <test-method is-config="true" signature="aftermethod()[pri:0, instance:constructors.ps1@52b1beb6]" started-at="2023-04-21T14:07:16 IST" name="aftermethod" finished-at="2023-04-21T14:07:16 IST" duration-ms="1" status="PASS">
          <reporter-output>
          </reporter-output>
        </test-method> <!-- aftermethod -->
      </class> <!-- constructors.ps1 -->
    </test> <!-- Default test -->
  </suite> <!-- Default suite -->
</testng-results>
